paper:793,1122;
report_label:2.343750,0.468750,5.531250,0.947917,¿¡½º¿¤¸Þµåº´¿ø,,0,»õ±¼¸²,240,1,0,0,0,0,1,0;
report_label:1.479167,0.916667,6.302083,1.364583,Vestibular Function Test Summary,,0,»õ±¼¸²,140,1,0,0,0,0,1,0;
report_line:0.906250,1.208333,6.760417,1.208333,,,0,0.020833,0,0;
report_line:0.416667,1.854167,7.822917,1.854167,,,0,0.020833,0,0;
report_label:0.343750,2.083333,2.947917,2.354167,Horizontal Ocular Motor Test,,0,ÈÞ¸Õ¿¢½ºÆ÷,120,1,0,0,0,0,0,129;
report_label:0.489583,2.854167,7.812500,2.979167,Gaze_Left15\comma 20sec                         0.0               0.0                  0.0               0.0             LB00.0,,0,ÈÞ¸Õ¿¢½ºÆ÷,100,0,0,0,0,0,0,129;
report_label:0.489583,3.833333,2.333333,4.125000,Saccade_Fixed 30degree ,,0,ÈÞ¸Õ¿¢½ºÆ÷,100,0,0,0,0,0,0,129;
report_label:0.489583,4.625000,2.343750,5.052083,Saccade_Random time random position,,0,ÈÞ¸Õ¿¢½ºÆ÷,100,0,0,0,0,0,0,129;
report_label:0.489583,5.875000,2.250000,6.052083,Pursuit_0.1Hz 30degree           ,,0,ÈÞ¸Õ¿¢½ºÆ÷,100,0,0,0,0,0,0,129;
report_label:0.666667,1.364583,7.281250,1.520833,ID\colon 1111111111111                    Name\colon ¿¡½º¿¤¸Þµå                               Sex&Age\colon Female\comma 30,,0,»õ±¼¸²,100,0,0,0,0,0,0,0;
report_label:0.645833,1.593750,7.260417,1.739583,Birt\colon 2010.12.31        Data\colon 2011.01.15       Tester\colon Shin Kyung Ae        Doctor\colon Sung-Kyu Song,,0,»õ±¼¸²,100,0,0,0,0,0,0,0;
report_line:0.416667,1.812500,7.822917,1.812500,,,0,0.020833,0,0;
report_box:2.937500,3.281250,7.666667,3.760417,,,0,1,0.000000,0,14540253,1,14540253;
report_label:3.031250,3.572917,7.281250,3.729167,Left         Right           Left         Right           Left         Right ,,0,ÈÞ¸Õ¿¢½ºÆ÷,100,0,0,0,0,0,0,129;
report_label:3.031250,3.364583,7.208333,3.510417,Peak Vel(d/s)               Latency(ms)                Accuracy(%),,0,ÈÞ¸Õ¿¢½ºÆ÷,100,0,0,0,0,0,0,129;
report_label:2.541667,3.822917,2.937500,4.125000,Right eye,,0,ÈÞ¸Õ¿¢½ºÆ÷,100,0,0,0,0,0,1,129;
report_label:2.531250,4.166667,2.927083,4.468750,Left eye,,0,ÈÞ¸Õ¿¢½ºÆ÷,100,0,0,0,0,0,1,129;
report_label:3.000000,3.906250,7.572917,4.052083,000.0     000.0         000.0     000.0        000.0      000.0,,0,ÈÞ¸Õ¿¢½ºÆ÷,100,0,0,0,0,0,0,129;
report_label:3.000000,4.239583,7.822917,4.385417,000.0     000.0         000.0     000.0        000.0      000.0,,0,ÈÞ¸Õ¿¢½ºÆ÷,100,0,0,0,0,0,0,129;
report_label:2.541667,4.604167,2.937500,4.906250,Right eye,,0,ÈÞ¸Õ¿¢½ºÆ÷,100,0,0,0,0,0,1,129;
report_label:2.531250,4.947917,2.927083,5.250000,Left eye,,0,ÈÞ¸Õ¿¢½ºÆ÷,100,0,0,0,0,0,1,129;
report_label:3.000000,4.687500,7.354167,4.833333,000.0     000.0         000.0     000.0        000.0      000.0,,0,ÈÞ¸Õ¿¢½ºÆ÷,100,0,0,0,0,0,0,129;
report_label:3.000000,5.000000,7.354167,5.145833,000.0     000.0         000.0     000.0        000.0      000.0,,0,ÈÞ¸Õ¿¢½ºÆ÷,100,0,0,0,0,0,0,129;
report_box:2.937500,5.312500,7.666667,5.791667,,,0,1,0.000000,0,14540253,1,14540253;
report_label:3.031250,5.395833,6.937500,5.687500,Right eye                                   Left eye,,0,ÈÞ¸Õ¿¢½ºÆ÷,100,0,0,0,0,0,0,129;
report_label:3.031250,5.604167,7.125000,5.802083,Left Gain        Right Gain            Left Gain        Right Gain,,0,ÈÞ¸Õ¿¢½ºÆ÷,100,0,0,0,0,0,0,129;
report_label:0.489583,6.093750,2.145833,6.260417,Pursuit_0.2Hz 30degree     ,,0,ÈÞ¸Õ¿¢½ºÆ÷,100,0,0,0,0,0,0,129;
report_label:3.031250,5.895833,7.270833,6.114583,0.0                0.0                     0.0                0.0          ,,0,ÈÞ¸Õ¿¢½ºÆ÷,100,0,0,0,0,0,0,129;
report_label:3.031250,6.104167,7.270833,6.322917,0.0                0.0                     0.0                0.0          ,,0,ÈÞ¸Õ¿¢½ºÆ÷,100,0,0,0,0,0,0,129;
report_box:2.927083,6.375000,7.666667,6.854167,,,0,1,0.000000,0,14540253,1,14540253;
report_label:3.031250,6.458333,7.333333,6.583333,Right eye                    Left eye                      Region     Peak,,0,ÈÞ¸Õ¿¢½ºÆ÷,100,0,0,0,0,0,0,129;
report_label:3.041667,6.666667,7.333333,6.864583,Left Gain  Right Gain   Left Gain  Right Gain      (d/s)        (d/s),,0,ÈÞ¸Õ¿¢½ºÆ÷,100,0,0,0,0,0,0,129;
report_label:3.020833,6.958333,7.812500,7.177083,0.0          0.0             0.0          0.0            RB 00.0   LB00.0     ,,0,ÈÞ¸Õ¿¢½ºÆ÷,100,0,0,0,0,0,0,129;
report_label:0.489583,6.958333,2.666667,7.291667,Optokinetic_20d/s\comma 20sec,,0,ÈÞ¸Õ¿¢½ºÆ÷,100,0,0,0,0,0,0,129;
report_label:0.343750,7.322917,2.760417,7.552083,Vertical Ocular Motor Test,,0,ÈÞ¸Õ¿¢½ºÆ÷,120,1,0,0,0,0,0,129;
report_label:0.489583,8.989583,2.333333,9.281250,Saccade_Fixed 30degree ,,0,ÈÞ¸Õ¿¢½ºÆ÷,100,0,0,0,0,0,0,129;
report_label:0.489583,9.781250,2.343750,10.208333,Saccade_Random time random position,,0,ÈÞ¸Õ¿¢½ºÆ÷,100,0,0,0,0,0,0,129;
report_box:2.927083,8.437500,7.687500,8.916667,,,0,1,0.000000,0,14540253,1,14540253;
report_label:3.041667,8.729167,7.031250,8.875000,Down         Up            Down         Up            Down         Up,,0,ÈÞ¸Õ¿¢½ºÆ÷,100,0,0,0,0,0,0,129;
report_label:3.041667,8.520833,7.218750,8.666667,Peak Vel(d/s)               Latency(ms)                Accuracy(%),,0,ÈÞ¸Õ¿¢½ºÆ÷,100,0,0,0,0,0,0,129;
report_label:2.552083,8.979167,2.947917,9.281250,Right eye,,0,ÈÞ¸Õ¿¢½ºÆ÷,100,0,0,0,0,0,1,129;
report_label:2.531250,9.322917,2.927083,9.625000,Left eye,,0,ÈÞ¸Õ¿¢½ºÆ÷,100,0,0,0,0,0,1,129;
report_label:3.010417,9.062500,7.364583,9.208333,000.0     000.0         000.0     000.0        000.0      000.0,,0,ÈÞ¸Õ¿¢½ºÆ÷,100,0,0,0,0,0,0,129;
report_label:3.010417,9.375000,7.364583,9.520833,000.0     000.0         000.0     000.0        000.0      000.0,,0,ÈÞ¸Õ¿¢½ºÆ÷,100,0,0,0,0,0,0,129;
report_label:2.552083,9.760417,2.947917,10.062500,Right eye,,0,ÈÞ¸Õ¿¢½ºÆ÷,100,0,0,0,0,0,1,129;
report_label:2.531250,10.104167,2.927083,10.406250,Left eye,,0,ÈÞ¸Õ¿¢½ºÆ÷,100,0,0,0,0,0,1,129;
report_label:3.010417,9.843750,7.375000,9.989583,000.0     000.0         000.0     000.0        000.0      000.0,,0,ÈÞ¸Õ¿¢½ºÆ÷,100,0,0,0,0,0,0,129;
report_label:3.010417,10.156250,7.385417,10.302083,000.0     000.0         000.0     000.0        000.0      000.0,,0,ÈÞ¸Õ¿¢½ºÆ÷,100,0,0,0,0,0,0,129;
report_label:0.489583,11.020833,2.250000,11.197917,Pursuit_0.1Hz 30degree           ,,0,ÈÞ¸Õ¿¢½ºÆ÷,100,0,0,0,0,0,0,129;
report_box:2.927083,10.458333,7.687500,10.937500,,,0,1,0.000000,0,14540253,1,14540253;
report_label:3.041667,10.541667,7.729167,10.739583,Right eye                                    Left eye,,0,ÈÞ¸Õ¿¢½ºÆ÷,100,0,0,0,0,0,0,129;
report_label:3.041667,10.750000,7.135417,10.947917,Down Gain        Up Gain              Down Gain        Up Gain,,0,ÈÞ¸Õ¿¢½ºÆ÷,100,0,0,0,0,0,0,129;
report_label:3.052083,11.041667,7.291667,11.260417,0.0                   0.0                    0.0                  0.0          ,,0,ÈÞ¸Õ¿¢½ºÆ÷,100,0,0,0,0,0,0,129;
report_box:2.947917,2.302083,7.666667,2.781250,,,0,1,0.000000,0,14540253,1,14540253;
report_label:3.031250,2.364583,7.666667,2.656250,Right eye                              Left eye                          Region,,0,ÈÞ¸Õ¿¢½ºÆ÷,100,0,0,0,0,0,0,129;
report_label:3.031250,2.583333,7.666667,2.781250,LB(d/s)           RB(d/s)              LB(d/s)           RB(d/s)           (d/s),,0,ÈÞ¸Õ¿¢½ºÆ÷,100,0,0,0,0,0,0,129;
report_label:0.500000,3.020833,7.822917,3.145833,Gaze_Right15\comma 20sec                       0.0               0.0                  0.0               0.0             LB00.0,,0,ÈÞ¸Õ¿¢½ºÆ÷,100,0,0,0,0,0,0,129;
report_label:0.468750,7.989583,7.791667,8.114583,Gaze_Left15\comma 20sec                         0.0               0.0                  0.0               0.0             LB00.0,,0,ÈÞ¸Õ¿¢½ºÆ÷,100,0,0,0,0,0,0,129;
report_box:2.927083,7.437500,7.645833,7.916667,,,0,1,0.000000,0,14540253,1,14540253;
report_label:3.010417,7.500000,7.645833,7.791667,Right eye                              Left eye                          Region,,0,ÈÞ¸Õ¿¢½ºÆ÷,100,0,0,0,0,0,0,129;
report_label:3.010417,7.718750,7.645833,7.916667,LB(d/s)           RB(d/s)              LB(d/s)           RB(d/s)           (d/s),,0,ÈÞ¸Õ¿¢½ºÆ÷,100,0,0,0,0,0,0,129;
report_label:0.479167,8.156250,7.802083,8.281250,Gaze_Right15\comma 20sec                       0.0               0.0                  0.0               0.0             LB00.0,,0,ÈÞ¸Õ¿¢½ºÆ÷,100,0,0,0,0,0,0,129;
