paper:793,1122;
report_box:4.052083,2.833333,7.968750,5.260417,,,0,1,0.000000,0,0,0,16777215;
report_box:4.062500,2.843750,7.958333,3.145833,,,0,1,0.000000,0,14540253,1,14540253;
report_box:4.062500,3.447917,7.958333,3.750000,,,0,1,0.000000,0,14540253,1,14540253;
report_box:4.062500,4.041667,7.958333,4.343750,,,0,1,0.000000,0,14540253,1,14540253;
report_box:4.062500,4.645833,7.958333,4.947917,,,0,1,0.000000,0,14540253,1,14540253;
report_label:4.052083,2.843750,7.947917,3.145833,  Left cool             \colon      LEFT_COOL_VALUE,ID_LEFT_COOL,0,ÈÞ¸Õ¿¢½ºÆ÷,100,0,0,0,0,0,0,129;
report_label:4.062500,3.145833,7.958333,3.447917,  Left warm            \colon      LEFT_WARM_VALUE,ID_LEFT_WARM,0,ÈÞ¸Õ¿¢½ºÆ÷,100,0,0,0,0,0,0,129;
report_label:4.062500,3.447917,7.958333,3.750000,  Right cool            \colon      RIGHT_COOL_VALUE,ID_RIGHT_COOL,0,ÈÞ¸Õ¿¢½ºÆ÷,100,0,0,0,0,0,0,129;
report_label:4.062500,3.750000,7.958333,4.041667,  Right_warm           \colon      RIGHT_WARM_VALUE,ID_RIGHT_WARM,0,ÈÞ¸Õ¿¢½ºÆ÷,100,0,0,0,0,0,0,129;
report_label:4.062500,4.041667,7.958333,4.343750,  Temperature Effet (%)       \colon      TEMP_EFFECT_VALUE,ID_CP,0,ÈÞ¸Õ¿¢½ºÆ÷,100,0,0,0,0,0,0,129;
report_label:4.062500,4.343750,7.958333,4.645833,  Directional Preponderance(%) \colon      DIRECTIONAL_PREP_VALUE,ID_LEFT_WARM,0,ÈÞ¸Õ¿¢½ºÆ÷,100,0,0,0,0,0,0,129;
report_label:4.062500,4.645833,7.958333,4.947917,  Vestibular Paresis   \colon      VESTIBULAR_PARESIS_VALUE,ID_TE,0,ÈÞ¸Õ¿¢½ºÆ÷,100,0,0,0,0,0,0,129;
report_picture:0.281250,2.822917,3.937500,5.250000,butterfly.bmp,BUTTERFLY,0,1,0.000000,0,0,butterfly.bmp;
report_picture:0.270833,5.729167,7.958333,10.458333,caloric.bmp,CALORIC_CALORIC,0,1,0.000000,0,0,caloric.bmp;
report_label:1.583333,0.583333,6.406250,1.031250,Caloric Test Summary,,0,»õ±¼¸²,140,1,0,0,0,0,1,0;
report_line:0.250000,1.000000,7.916667,1.000000,,,0,0.020833,0,0;
report_label:0.750000,1.468750,8.145833,1.625000,ID\colon SUBJECT_ID              Name\colon SUBJECT_NAME                    Sex&Age\colon SUBJECT_SEX_AGE,,0,»õ±¼¸²,100,0,0,0,0,0,0,0;
report_label:0.750000,1.833333,8.062500,1.979167,Data\colon SUBJECT_DATE          Time\colon SUBJECT_TIME,,0,»õ±¼¸²,100,0,0,0,0,0,0,0;
report_line:0.239583,2.291667,7.906250,2.291667,,,0,0.020833,0,0;
report_line:0.229167,2.375000,7.895833,2.375000,,,0,0.020833,0,0;
