paper:793,1122;
report_picture:0.229167,5.114583,7.916667,7.239583,eye_movement.bmp,EYE_MOVEMENT,0,1,0.000000,0,0,eye_movement.bmp;
report_label:0.385417,0.447917,7.979167,0.770833,Pursuit Test Summary,,0,»õ±¼¸²,140,1,0,0,0,0,1,0;
report_box:4.270833,2.583333,7.937500,4.989583,,,0,1,0.020833,0,0,1,16777215;
report_line:4.281250,2.989583,7.958333,2.989583,,,0,0.000000,0,0;
report_line:4.281250,3.395833,7.947917,3.395833,,,0,0.020833,0,0;
report_line:4.291667,3.812500,7.958333,3.812500,,,0,0.000000,0,0;
report_line:4.291667,4.218750,7.958333,4.218750,,,0,0.000000,0,0;
report_line:4.291667,4.604167,7.958333,4.604167,,,0,0.000000,0,0;
report_line:5.343750,2.572917,5.343750,4.968750,,,0,0.020833,0,0;
report_line:6.666667,2.583333,6.666667,4.979167,,,0,0.000000,0,0;
report_line:5.989583,2.989583,5.989583,4.968750,,,0,0.000000,0,0;
report_line:7.322917,2.989583,7.322917,4.968750,,,0,0.000000,0,0;
report_label:5.447917,2.708333,6.541667,2.875000,Left Eye,,0,Times New Roman,120,0,0,0,0,0,1,0;
report_label:6.760417,2.708333,7.854167,2.875000,Right Eye,,0,Times New Roman,120,0,0,0,0,0,1,0;
report_label:5.406250,3.125000,5.927083,3.291667,Left,,0,Times New Roman,120,0,0,0,0,0,1,0;
report_label:6.052083,3.125000,6.572917,3.291667,Right,,0,Times New Roman,120,0,0,0,0,0,1,0;
report_label:4.458333,2.708333,5.218750,2.875000,Eye,,0,Times New Roman,120,0,0,0,0,0,1,0;
report_label:4.458333,3.114583,5.218750,3.281250,Direction,,0,Times New Roman,120,0,0,0,0,0,1,0;
report_label:4.302083,3.541667,5.322917,3.677083,Gain,,0,Times New Roman,100,0,0,0,0,0,1,0;
report_label:6.729167,3.125000,7.250000,3.291667,Left,,0,Times New Roman,120,0,0,0,0,0,1,0;
report_label:7.364583,3.125000,7.885417,3.291667,Right,,0,Times New Roman,120,0,0,0,0,0,1,0;
report_label:5.364583,3.531250,5.968750,3.697917,GAIN_LL,,0,Times New Roman,120,0,0,0,0,0,1,0;
report_label:6.031250,3.531250,6.635417,3.697917,GAIN_LR,,0,Times New Roman,120,0,0,0,0,0,1,0;
report_label:6.697917,3.531250,7.302083,3.697917,GAIN_RL,,0,Times New Roman,120,0,0,0,0,0,1,0;
report_label:7.354167,3.520833,7.916667,3.687500,GAIN_RR,,0,Times New Roman,120,0,0,0,0,0,1,0;
report_picture:0.229167,7.270833,7.916667,9.395833,eye_velocity.bmp,EYE_VELOCITY,0,1,0.000000,0,0,eye_velocity.bmp;
report_picture:0.229167,9.447917,7.916667,11.572917,pursuit_gain.bmp,PURSUIT_GAIN,0,1,0.000000,0,0,pursuit_gain.bmp;
report_line:0.354167,1.104167,8.020833,1.104167,,,0,0.020833,0,0;
report_label:0.666667,1.697917,2.458333,1.854167,ID \colon SUBJECT_ID              ,,0,»õ±¼¸²,100,0,0,0,0,0,0,0;
report_label:0.666667,2.072917,3.833333,2.218750,Data \colon SUBJECT_DATE,,0,»õ±¼¸²,100,0,0,0,0,0,0,0;
report_line:0.343750,2.395833,8.010417,2.395833,,,0,0.020833,0,0;
report_line:0.333333,2.479167,8.000000,2.479167,,,0,0.020833,0,0;
report_label:0.666667,1.343750,2.572917,1.500000,Doctor \colon SUBJECT_DOCTOR,,0,»õ±¼¸²,100,0,0,0,0,0,0,0;
report_label:3.177083,1.343750,5.083333,1.500000,Tester \colon SUBJECT_TESTER,,0,»õ±¼¸²,100,0,0,0,0,0,0,0;
report_label:3.187500,1.708333,5.093750,1.854167,Name \colon SUBJECT_NAME,,0,»õ±¼¸²,100,0,0,0,0,0,0,0;
report_label:3.187500,2.072917,5.197917,2.218750,Time \colon SUBJECT_TIME,,0,»õ±¼¸²,100,0,0,0,0,0,0,0;
report_label:0.385417,0.833333,7.979167,1.000000,TEST_SUBTITLE (TEST_DIRECTION),,0,»õ±¼¸²,100,1,0,0,0,0,1,0;
report_label:5.302083,1.687500,6.645833,1.843750,Sex \colon SUBJECT_SEX,,0,»õ±¼¸²,100,0,0,0,0,0,0,0;
report_label:6.656250,1.687500,8.000000,1.843750,Age \colon SUBJECT_AGE,,0,»õ±¼¸²,100,0,0,0,0,0,0,0;
