paper:793,1122;
report_box:4.052083,2.833333,7.968750,5.260417,,,0,1,0.000000,0,0,0,16777215;
report_box:4.062500,2.843750,7.958333,3.145833,,,0,1,0.000000,0,14540253,1,14540253;
report_box:4.062500,3.447917,7.958333,3.750000,,,0,1,0.000000,0,0,1,16777215;
report_box:4.062500,4.041667,7.958333,4.343750,,,0,1,0.000000,0,0,1,16777215;
report_box:4.062500,4.645833,7.958333,4.947917,,,0,1,0.000000,0,16777215,1,16777215;
report_picture:0.270833,2.822917,3.927083,5.250000,gain.bmp,GAIN,0,1,0.000000,0,0,gain.bmp;
report_picture:0.270833,5.729167,7.958333,7.989583,eye_movement.bmp,EYE_MOVEMENT,0,1,0.000000,0,0,eye_movement.bmp;
report_label:0.291667,0.406250,7.885417,0.635417,MAIN_TITLE,,0,»õ±¼¸²,140,1,0,0,0,0,1,0;
report_line:0.250000,1.000000,7.916667,1.000000,,,0,0.020833,0,0;
report_label:0.562500,1.593750,2.354167,1.750000,ID \colon SUBJECT_ID              ,,0,»õ±¼¸²,100,0,0,0,0,0,0,0;
report_label:0.562500,1.968750,3.729167,2.114583,Data \colon SUBJECT_DATE,,0,»õ±¼¸²,100,0,0,0,0,0,0,0;
report_line:0.239583,2.291667,7.906250,2.291667,,,0,0.020833,0,0;
report_line:0.229167,2.375000,7.895833,2.375000,,,0,0.020833,0,0;
report_picture:0.270833,8.104167,7.958333,10.364583,nys_velocity.bmp,NYS_VELOCITY,0,1,0.000000,0,0,nys_velocity.bmp;
report_line:5.135417,2.833333,5.135417,5.250000,,,0,0.000000,0,0;
report_line:6.500000,2.843750,6.500000,5.260417,,,0,0.000000,0,0;
report_label:4.135417,3.187500,5.052083,3.416667,Left Eye,LEFT_EYE,0,Times New Roman,120,0,0,0,0,0,0,0;
report_label:4.135417,3.500000,5.052083,3.729167,Right eye,RIGHT_EYE,0,Times New Roman,120,0,0,0,0,0,0,0;
report_label:5.333333,2.885417,6.250000,3.114583,Left Gain,,0,Times New Roman,120,0,0,0,0,0,0,0;
report_label:6.802083,2.885417,7.718750,3.114583,Right Gain,,0,Times New Roman,120,0,0,0,0,0,0,0;
report_label:5.197917,3.187500,6.447917,3.416667,LEFT_LEFT_GAIN,,0,Times New Roman,120,0,0,0,0,0,1,0;
report_label:6.614583,3.187500,7.864583,3.416667,LEFT_RIGHT_GAIN,,0,Times New Roman,120,0,0,0,0,0,1,0;
report_label:5.197917,3.500000,6.447917,3.729167,RIGHT_LEFT_GAIN,,0,Times New Roman,120,0,0,0,0,0,1,0;
report_label:6.604167,3.500000,7.854167,3.729167,RIGHT_RIGHT_GAIN,,0,Times New Roman,120,0,0,0,0,0,1,0;
report_label:0.562500,1.239583,2.468750,1.395833,Doctor \colon SUBJECT_DOCTOR ,,0,»õ±¼¸²,100,0,0,0,0,0,0,0;
report_label:3.072917,1.239583,4.979167,1.395833,Tester \colon SUBJECT_TESTER,,0,»õ±¼¸²,100,0,0,0,0,0,0,0;
report_label:3.083333,1.604167,4.989583,1.750000,Name \colon SUBJECT_NAME,,0,»õ±¼¸²,100,0,0,0,0,0,0,0;
report_label:3.083333,1.968750,5.093750,2.114583,Time \colon SUBJECT_TIME,,0,»õ±¼¸²,100,0,0,0,0,0,0,0;
report_label:0.291667,0.718750,7.885417,0.885417,TEST_SUBTITLE (TEST_DIRECTION),,0,»õ±¼¸²,100,1,0,0,0,0,1,0;
report_label:5.208333,1.593750,6.552083,1.750000,Sex \colon SUBJECT_SEX,,0,»õ±¼¸²,100,0,0,0,0,0,0,0;
report_label:6.562500,1.593750,7.906250,1.750000,Age \colon SUBJECT_AGE,,0,»õ±¼¸²,100,0,0,0,0,0,0,0;
