paper:793,1122;
report_picture:0.281250,2.822917,3.937500,5.250000,peak_velocity.bmp,PEAK_VELOCITY,0,1,0.000000,0,0,peak_velocity.bmp;
report_picture:0.270833,7.885417,7.958333,10.458333,eye_movement.bmp,EYE_MOVEMENT,0,1,0.000000,0,0,eye_movement.bmp;
report_label:0.354167,0.437500,7.947917,0.697917,Saccade Test Summary,,0,»õ±¼¸²,140,1,0,0,0,0,1,0;
report_picture:0.281250,5.343750,3.937500,7.770833,latency.bmp,LATENCY,0,1,0.000000,0,0,latency.bmp;
report_picture:4.302083,5.354167,7.958333,7.781250,accuracy.bmp,ACCURACY,0,1,0.000000,0,0,accuracy.bmp;
report_box:4.281250,2.833333,7.947917,5.239583,,,0,1,0.020833,0,0,1,16777215;
report_line:4.281250,3.239583,7.958333,3.239583,,,0,0.000000,0,0;
report_line:4.281250,3.645833,7.947917,3.645833,,,0,0.020833,0,0;
report_line:4.291667,4.062500,7.958333,4.062500,,,0,0.000000,0,0;
report_line:4.291667,4.468750,7.958333,4.468750,,,0,0.000000,0,0;
report_line:4.291667,4.854167,7.958333,4.854167,,,0,0.000000,0,0;
report_line:5.343750,2.822917,5.343750,5.218750,,,0,0.020833,0,0;
report_line:6.666667,2.833333,6.666667,5.229167,,,0,0.000000,0,0;
report_line:5.989583,3.239583,5.989583,5.218750,,,0,0.000000,0,0;
report_line:7.322917,3.239583,7.322917,5.218750,,,0,0.000000,0,0;
report_label:5.447917,2.958333,6.541667,3.125000,Left Eye,,0,Times New Roman,120,0,0,0,0,0,1,0;
report_label:6.760417,2.958333,7.854167,3.125000,Right Eye,,0,Times New Roman,120,0,0,0,0,0,1,0;
report_label:5.406250,3.375000,5.927083,3.541667,Left,,0,Times New Roman,120,0,0,0,0,0,1,0;
report_label:6.052083,3.375000,6.572917,3.541667,Right,,0,Times New Roman,120,0,0,0,0,0,1,0;
report_label:4.458333,2.958333,5.218750,3.125000,Eye,,0,Times New Roman,120,0,0,0,0,0,1,0;
report_label:4.458333,3.364583,5.218750,3.531250,Direction,,0,Times New Roman,120,0,0,0,0,0,1,0;
report_label:4.302083,3.791667,5.322917,3.927083,Peak Velocity(¡Æ/sec),,0,Times New Roman,100,0,0,0,0,0,1,0;
report_label:4.302083,4.197917,5.322917,4.333333,Latency (ms),,0,Times New Roman,100,0,0,0,0,0,1,0;
report_label:4.302083,4.593750,5.322917,4.729167,Accuracy (%),,0,Times New Roman,100,0,0,0,0,0,1,0;
report_label:6.729167,3.375000,7.250000,3.541667,Left,,0,Times New Roman,120,0,0,0,0,0,1,0;
report_label:7.364583,3.375000,7.885417,3.541667,Right,,0,Times New Roman,120,0,0,0,0,0,1,0;
report_label:5.364583,3.781250,5.968750,3.947917,PEAK_VEL_LL,,0,Times New Roman,120,0,0,0,0,0,1,0;
report_label:6.031250,3.781250,6.635417,3.947917,PEAK_VEL_LR,,0,Times New Roman,120,0,0,0,0,0,1,0;
report_label:6.697917,3.781250,7.302083,3.947917,PEAK_VEL_RL,,0,Times New Roman,120,0,0,0,0,0,1,0;
report_label:7.354167,3.770833,7.916667,3.937500,PEAK_VEL_RR,,0,Times New Roman,120,0,0,0,0,0,1,0;
report_label:5.364583,4.177083,5.968750,4.343750,LATENCY_LL,,0,Times New Roman,120,0,0,0,0,0,1,0;
report_label:6.031250,4.177083,6.635417,4.343750,LATENCY_LR,,0,Times New Roman,120,0,0,0,0,0,1,0;
report_label:6.697917,4.177083,7.302083,4.343750,LATENCY_RL,,0,Times New Roman,120,0,0,0,0,0,1,0;
report_label:7.354167,4.166667,7.916667,4.333333,LATENCY_RR,,0,Times New Roman,120,0,0,0,0,0,1,0;
report_label:5.364583,4.583333,5.968750,4.750000,ACCURACY_LL,,0,Times New Roman,120,0,0,0,0,0,1,0;
report_label:6.031250,4.583333,6.635417,4.750000,ACCURACY_LR,,0,Times New Roman,120,0,0,0,0,0,1,0;
report_label:6.697917,4.583333,7.302083,4.750000,ACCURACY_RL,,0,Times New Roman,120,0,0,0,0,0,1,0;
report_label:7.354167,4.572917,7.916667,4.739583,ACCURACY_RR,,0,Times New Roman,120,0,0,0,0,0,1,0;
report_line:0.354167,1.104167,8.020833,1.104167,,,0,0.020833,0,0;
report_label:0.666667,1.697917,2.458333,1.854167,ID \colon SUBJECT_ID              ,,0,»õ±¼¸²,100,0,0,0,0,0,0,0;
report_label:0.666667,2.072917,3.833333,2.218750,Data \colon SUBJECT_DATE,,0,»õ±¼¸²,100,0,0,0,0,0,0,0;
report_line:0.343750,2.395833,8.010417,2.395833,,,0,0.020833,0,0;
report_line:0.333333,2.479167,8.000000,2.479167,,,0,0.020833,0,0;
report_label:0.666667,1.343750,2.572917,1.500000,Doctor \colon SUBJECT_DOCTOR,,0,»õ±¼¸²,100,0,0,0,0,0,0,0;
report_label:3.177083,1.343750,5.083333,1.500000,Tester \colon SUBJECT_TESTER,,0,»õ±¼¸²,100,0,0,0,0,0,0,0;
report_label:3.187500,1.708333,5.093750,1.854167,Name \colon SUBJECT_NAME,,0,»õ±¼¸²,100,0,0,0,0,0,0,0;
report_label:3.187500,2.072917,5.197917,2.218750,Time \colon SUBJECT_TIME,,0,»õ±¼¸²,100,0,0,0,0,0,0,0;
report_label:0.354167,0.802083,7.947917,0.968750,TEST_SUBTITLE (TEST_DIRECTION),,0,»õ±¼¸²,100,1,0,0,0,0,1,0;
report_label:5.291667,1.687500,6.635417,1.843750,Sex \colon SUBJECT_SEX,,0,»õ±¼¸²,100,0,0,0,0,0,0,0;
report_label:6.645833,1.687500,7.989583,1.843750,Age \colon SUBJECT_AGE,,0,»õ±¼¸²,100,0,0,0,0,0,0,0;
