paper:793,1122;
report_picture:0.239583,5.104167,8.010417,7.229167,eye_velocity.bmp,EYE_VELOCITY,0,1,0.000000,0,0,eye_velocity.bmp;
report_box:4.322917,2.572917,7.989583,4.979167,,,0,1,0.020833,0,0,1,16777215;
report_line:4.333333,2.979167,8.010417,2.979167,,,0,0.000000,0,0;
report_line:4.333333,3.385417,8.000000,3.385417,,,0,0.020833,0,0;
report_line:4.343750,3.802083,8.010417,3.802083,,,0,0.000000,0,0;
report_line:4.343750,4.208333,8.010417,4.208333,,,0,0.000000,0,0;
report_line:4.343750,4.593750,8.010417,4.593750,,,0,0.000000,0,0;
report_line:5.395833,2.562500,5.395833,4.958333,,,0,0.020833,0,0;
report_line:6.718750,2.572917,6.718750,4.968750,,,0,0.000000,0,0;
report_line:6.041667,2.979167,6.041667,4.958333,,,0,0.000000,0,0;
report_line:7.375000,2.979167,7.375000,4.958333,,,0,0.000000,0,0;
report_label:5.500000,2.697917,6.593750,2.864583,Left Eye,,0,Times New Roman,120,0,0,0,0,0,1,0;
report_label:6.812500,2.697917,7.906250,2.864583,Right Eye,,0,Times New Roman,120,0,0,0,0,0,1,0;
report_label:5.458333,3.114583,5.979167,3.281250,+,,0,Times New Roman,160,0,0,0,0,0,1,0;
report_label:6.104167,3.114583,6.625000,3.281250,-,,0,Times New Roman,160,0,0,0,0,0,1,0;
report_label:4.510417,2.697917,5.270833,2.864583,Eye,,0,Times New Roman,120,0,0,0,0,0,1,0;
report_label:4.510417,3.104167,5.270833,3.270833,Direction,,0,Times New Roman,120,0,0,0,0,0,1,0;
report_label:4.354167,3.531250,5.375000,3.666667,Head Velocity (¡Æ/sec),,0,Times New Roman,100,0,0,0,0,0,1,0;
report_label:6.781250,3.114583,7.302083,3.281250,+,,0,Times New Roman,160,0,0,0,0,0,1,0;
report_label:7.416667,3.114583,7.937500,3.281250,-,,0,Times New Roman,160,0,0,0,0,0,1,0;
report_label:5.416667,3.520833,6.020833,3.687500,HEAD_VEL_LP,,0,Times New Roman,120,0,0,0,0,0,1,0;
report_label:6.083333,3.520833,6.687500,3.687500,HEAD_VEL_LN,,0,Times New Roman,120,0,0,0,0,0,1,0;
report_label:6.750000,3.520833,7.354167,3.687500,HEAD_VEL_RP,,0,Times New Roman,120,0,0,0,0,0,1,0;
report_label:7.406250,3.510417,7.968750,3.677083,HEAD_VEL_RN,,0,Times New Roman,120,0,0,0,0,0,1,0;
report_picture:0.229167,7.270833,2.187500,9.395833,left_positive_velocity.bmp,LP_VEL,0,1,0.000000,0,0,left_positive_velocity.bmp;
report_picture:2.166667,7.270833,4.125000,9.395833,left_positive_peak.bmp,LP_PEAK,0,1,0.000000,0,0,left_positive_peak.bmp;
report_picture:4.114583,7.270833,6.072917,9.395833,right_positive_velocity.bmp,RP_VEL,0,1,0.000000,0,0,right_positive_velocity.bmp;
report_picture:6.062500,7.270833,8.020833,9.395833,right_positive_peak.bmp,RP_PEAK,0,1,0.000000,0,0,right_positive_peak.bmp;
report_picture:0.229167,9.385417,2.187500,11.510417,left_negative_velocity.bmp,LN_VEL,0,1,0.000000,0,0,left_negative_velocity.bmp;
report_picture:2.166667,9.395833,4.125000,11.520833,left_negative_peak.bmp,LN_PEAK,0,1,0.000000,0,0,left_negative_peak.bmp;
report_picture:4.114583,9.395833,6.072917,11.520833,right_negative_velocity.bmp,RN_VEL,0,1,0.000000,0,0,right_negative_velocity.bmp;
report_picture:6.062500,9.395833,8.020833,11.520833,right_negative_peak.bmp,RN_PEAK,0,1,0.000000,0,0,right_negative_peak.bmp;
report_label:4.354167,3.947917,5.375000,4.083333,eye Velocity (¡Æ/sec),,0,Times New Roman,100,0,0,0,0,0,1,0;
report_label:4.354167,4.333333,5.375000,4.468750,Gain,,0,Times New Roman,100,0,0,0,0,0,1,0;
report_label:4.354167,4.708333,5.375000,4.843750,Latency,,0,Times New Roman,100,0,0,0,0,0,1,0;
report_label:5.416667,3.937500,6.020833,4.104167,EYE_VEL_LP,,0,Times New Roman,120,0,0,0,0,0,1,0;
report_label:6.083333,3.937500,6.687500,4.104167,EYE_VEL_LN,,0,Times New Roman,120,0,0,0,0,0,1,0;
report_label:6.750000,3.937500,7.354167,4.104167,EYE_VEL_RP,,0,Times New Roman,120,0,0,0,0,0,1,0;
report_label:7.406250,3.927083,7.968750,4.093750,EYE_VEL_RN,,0,Times New Roman,120,0,0,0,0,0,1,0;
report_label:5.416667,4.322917,6.020833,4.489583,GAIN_LP,,0,Times New Roman,120,0,0,0,0,0,1,0;
report_label:6.083333,4.322917,6.687500,4.489583,GAIN_LN,,0,Times New Roman,120,0,0,0,0,0,1,0;
report_label:6.750000,4.322917,7.354167,4.489583,GAIN_RP,,0,Times New Roman,120,0,0,0,0,0,1,0;
report_label:7.406250,4.312500,7.968750,4.479167,GAIN_RN,,0,Times New Roman,120,0,0,0,0,0,1,0;
report_label:5.416667,4.697917,6.020833,4.864583,LATENCY_LP,,0,Times New Roman,120,0,0,0,0,0,1,0;
report_label:6.083333,4.697917,6.687500,4.864583,LATENCY_LN,,0,Times New Roman,120,0,0,0,0,0,1,0;
report_label:6.750000,4.697917,7.354167,4.864583,LATENCY_RP,,0,Times New Roman,120,0,0,0,0,0,1,0;
report_label:7.406250,4.687500,7.968750,4.854167,LATENCY_RN,,0,Times New Roman,120,0,0,0,0,0,1,0;
report_label:0.364583,0.437500,7.958333,0.739583,Head Thrust Test Summary,,0,»õ±¼¸²,140,1,0,0,0,0,1,0;
report_line:0.354167,1.104167,8.020833,1.104167,,,0,0.020833,0,0;
report_label:0.666667,1.697917,2.458333,1.854167,ID \colon SUBJECT_ID              ,,0,»õ±¼¸²,100,0,0,0,0,0,0,0;
report_label:0.666667,2.072917,3.833333,2.218750,Data \colon SUBJECT_DATE,,0,»õ±¼¸²,100,0,0,0,0,0,0,0;
report_line:0.343750,2.395833,8.010417,2.395833,,,0,0.020833,0,0;
report_line:0.333333,2.479167,8.000000,2.479167,,,0,0.020833,0,0;
report_label:0.364583,0.822917,7.958333,0.989583,TEST_SUBTITLE (TEST_DIRECTION),,0,»õ±¼¸²,100,1,0,0,0,0,1,0;
report_label:0.666667,1.343750,2.572917,1.500000,Doctor \colon SUBJECT_DOCTOR ,,0,»õ±¼¸²,100,0,0,0,0,0,0,0;
report_label:3.177083,1.343750,5.083333,1.500000,Tester \colon SUBJECT_TESTER,,0,»õ±¼¸²,100,0,0,0,0,0,0,0;
report_label:5.375000,1.708333,6.718750,1.864583,Sex \colon SUBJECT_SEX,,0,»õ±¼¸²,100,0,0,0,0,0,0,0;
report_label:3.187500,1.708333,5.093750,1.854167,Name \colon SUBJECT_NAME,,0,»õ±¼¸²,100,0,0,0,0,0,0,0;
report_label:3.187500,2.072917,5.197917,2.218750,Time \colon SUBJECT_TIME,,0,»õ±¼¸²,100,0,0,0,0,0,0,0;
report_label:6.729167,1.708333,8.072917,1.864583,Age \colon SUBJECT_AGE,,0,»õ±¼¸²,100,0,0,0,0,0,0,0;
