paper:793,1122;
report_box:4.052083,2.833333,7.968750,5.260417,,,0,1,0.000000,0,0,0,16777215;
report_box:4.062500,2.843750,7.958333,3.145833,,,0,1,0.000000,0,14540253,1,14540253;
report_box:4.062500,3.447917,7.958333,3.750000,,,0,1,0.000000,0,14540253,1,14540253;
report_box:4.062500,4.041667,7.958333,4.343750,,,0,1,0.000000,0,14540253,1,14540253;
report_box:4.062500,4.645833,7.958333,4.947917,,,0,1,0.000000,0,14540253,1,14540253;
report_label:4.052083,2.843750,7.947917,3.145833,  Left cool             \colon      LEFT_COOL_VALUE,ID_LEFT_COOL,0,ÈÞ¸Õ¿¢½ºÆ÷,100,0,0,0,0,0,0,129;
report_label:4.062500,3.145833,7.958333,3.447917,  Left warm            \colon      LEFT_WARM_VALUE,ID_LEFT_WARM,0,ÈÞ¸Õ¿¢½ºÆ÷,100,0,0,0,0,0,0,129;
report_label:4.062500,3.447917,7.958333,3.750000,  Right cool            \colon      RIGHT_COOL_VALUE,ID_RIGHT_COOL,0,ÈÞ¸Õ¿¢½ºÆ÷,100,0,0,0,0,0,0,129;
report_label:4.062500,3.750000,7.958333,4.041667,  Right_warm           \colon      RIGHT_WARM_VALUE,ID_RIGHT_WARM,0,ÈÞ¸Õ¿¢½ºÆ÷,100,0,0,0,0,0,0,129;
report_label:4.062500,4.041667,7.958333,4.343750,  Temperature Effet (%)       \colon      TEMP_EFFECT_VALUE,ID_CP,0,ÈÞ¸Õ¿¢½ºÆ÷,100,0,0,0,0,0,0,129;
report_label:4.062500,4.343750,7.958333,4.645833,  Directional Preponderance(%) \colon      DIRECTIONAL_PREP_VALUE,ID_LEFT_WARM,0,ÈÞ¸Õ¿¢½ºÆ÷,100,0,0,0,0,0,0,129;
report_label:4.062500,4.645833,7.958333,4.947917,  Vestibular Paresis   \colon      VESTIBULAR_PARESIS_VALUE,ID_TE,0,ÈÞ¸Õ¿¢½ºÆ÷,100,0,0,0,0,0,0,129;
report_picture:0.281250,2.822917,3.937500,5.250000,butterfly.bmp,BUTTERFLY,0,1,0.000000,0,0,butterfly.bmp;
report_picture:0.270833,5.729167,7.958333,10.458333,caloric.bmp,CALORIC_CALORIC,0,1,0.000000,0,0,caloric.bmp;
report_label:1.583333,0.583333,6.406250,0.916667,Caloric Test Summary,,0,»õ±¼¸²,140,1,0,0,0,0,1,0;
report_line:0.343750,1.208333,8.010417,1.208333,,,0,0.020833,0,0;
report_label:0.656250,1.802083,2.447917,1.958333,ID \colon SUBJECT_ID              ,,0,»õ±¼¸²,100,0,0,0,0,0,0,0;
report_label:0.656250,2.177083,3.822917,2.322917,Data \colon SUBJECT_DATE,,0,»õ±¼¸²,100,0,0,0,0,0,0,0;
report_line:0.333333,2.500000,8.000000,2.500000,,,0,0.020833,0,0;
report_line:0.322917,2.583333,7.989583,2.583333,,,0,0.020833,0,0;
report_label:0.656250,1.447917,2.562500,1.604167,Doctor \colon SUBJECT_DOCTOR,,0,»õ±¼¸²,100,0,0,0,0,0,0,0;
report_label:3.166667,1.447917,5.072917,1.604167,Tester \colon SUBJECT_TESTER,,0,»õ±¼¸²,100,0,0,0,0,0,0,0;
report_label:3.177083,1.812500,5.083333,1.958333,Name \colon SUBJECT_NAME,,0,»õ±¼¸²,100,0,0,0,0,0,0,0;
report_label:3.177083,2.177083,5.187500,2.322917,Time \colon SUBJECT_TIME,,0,»õ±¼¸²,100,0,0,0,0,0,0,0;
report_label:5.302083,1.812500,6.645833,1.968750,Sex \colon SUBJECT_SEX,,0,»õ±¼¸²,100,0,0,0,0,0,0,0;
report_label:6.656250,1.812500,8.000000,1.968750,Age \colon SUBJECT_AGE,,0,»õ±¼¸²,100,0,0,0,0,0,0,0;
